 .//HARPN.2012-06-21T23-54-54.538_ccf_K5_A.fits
 .//HARPN.2012-06-21T23-54-54.538_ccf_K5_B.fits
 HARPN.2012-06-21T21-58-04.372_blaze_A.fits
 HARPN.2012-06-21T22-01-44.647_wave_A.fits
   231.46542554347801      -0.24897707175571801       1.04980375960146005E-004 -2.16105862872280000E-008  2.17360764243094996E-012 -8.55430406623632016E-017
   *** FTSOAL: Opening in REAL  mode in unit  50 : .//HARPN.2012-06-21T22-01-44.647_wave_A.fits
      image depth:       -32
      axis:                2
      nrows:              69
      ncols:            4096
   *** FTSOAL: Opening in REAL  mode in unit  50 : .//HARPN.2012-06-21T22-01-44.647_wave_A.fits
      image depth:       -32
      axis:                2
      nrows:              69
      ncols:            4096
 HARPN.2012-06-21T21-58-04.372_blaze_A.fits
 .//HARPN.2012-06-21T21-58-04.372_lamp_A.fits
 .//HARPN.2012-06-21T21-58-04.372_lamp_B.fits
   *** FTSOAL: Opening in REAL  mode in unit  50 : .//HARPN.2012-06-21T21-58-04.372_lamp_A.fits
      image depth:       -32
      axis:                2
      nrows:              69
      ncols:            4096
   *** FTSOAL: Opening in REAL  mode in unit  50 : .//HARPN.2012-06-21T21-58-04.372_lamp_B.fits
      image depth:       -32
      axis:                2
      nrows:              69
      ncols:            4096
        4096          69
           1   1.2364395910001620       0.95931977071607832        1.1861409449425571     
           2   1.2125878237313470       0.97350247897541919        1.1804572523778749     
           3   1.1800123501509414       0.98749003889592757        1.1652504415482281     
           4   1.1589509090736470        1.0012079235145706        1.1603508331289498     
           5   1.1730844313311402        1.0145817657025447        1.1901900736581137     
           6   1.1823568263692887        1.0275357953132982        1.2149139619274743     
           7   1.1734810458084348        1.0399955630662845        1.2204150809831555     
           8   1.1637701344705285        1.0518863011498354        1.2241538621368506     
           9   1.1785540810811599        1.0631337265156731        1.2529605921200682     
          10   1.2164223697981129        1.0736648051123581        1.3060298866036038     
          11   1.2350950285169300        1.0834069328297318        1.3381105165987772     
          12   1.2394441467079564        1.0922898225785218        1.3538322271036212     
          13   1.2316563239821512        1.1002446017947989        1.3551232217277878     
          14   1.2120769734092545        1.1072047455170235        1.3420173768906376     
          15   1.2105299368022817        1.1131061957653401        1.3474483728140454     
          16   1.2149533946757451        1.1178886092141198        1.3581825606340423     
          17   1.2281183752816820        1.1214947891680254        1.3773283583599079     
          18   1.2576528925438069        1.1238719869279237        1.4134408552088586     
          19   1.2838445683693744        1.1249722185777955        1.4442894723875475     
          20   1.3184647563990146        1.1247528062631886        1.4829469347189030     
          21   1.3575185650985111        1.1231771530136712        1.5247338371105497     
          22   1.3908405522008787        1.1202153672683437        1.5580409599954133     
          23   1.4067432935482942        1.1158449851284615        1.5697074494689593     
          24   1.4068100720594376        1.1100517879994243        1.5616320358651776     
          25   1.4174614811180062        1.1028306722350862        1.5632199980887118     
          26   1.4253003954131558        1.0941860329258475        1.5595437853847627     
          27   1.3998470676127861        1.0841333828562654        1.5176209368924731     
          28   1.3672095905210206        1.0726999363802747        1.4666056407704002     
          29   1.3679200728621752        1.0599248073663148        1.4498924197209564     
          30   1.3949315056963891        1.0458615928605468        1.4589052864789864     
          31   1.3988454647160988        1.0305777159539957        1.4416189639997228     
          32   1.3730697922024437        1.0141568777732743        1.3925081734248290     
          33   1.3628070758213586       0.99669801226738741        1.3583071035750789     
          34   1.3725669524264221       0.97831854658392103        1.3428077059869392     
          35   1.3809042008338501       0.95915413462830656        1.3244999737553849     
          36   1.3810859551923225       0.93935999859809272        1.2973369009333056     
          37   1.3643177722611974       0.91911080541621004        1.2539592065066385     
          38   1.3302771025142275       0.89860258305009211        1.1953904404916771     
          39   1.3035956233453694       0.87805262125232275        1.1446255541314572     
          40   1.3026609843347090       0.85769992410968143        1.1172922274045227     
          41   1.3086726094410739       0.83780675910156788        1.0964147576408181     
          42   1.2997747927891488       0.81865547984426712        1.0640677566802834     
          43   1.2851305205031160       0.80055147607646404        1.0288131351396841     
          44   1.2780610154221224       0.78382040049854140        1.0017702969697404     
          45   1.2748353347682986       0.76880779414818790       0.98010334162538226     
          46   1.2715837035627631       0.75587615216568338       0.96115979700561027     
          47   1.2685493654165854       0.74540321446414737       0.94558077468797708     
          48   1.2662587412821904       0.73777780161162809       0.93421759041468178     
          49   1.2636599419979451       0.73339541837447086       0.92676241184464248     
          50   1.2513846992617894       0.73265225591086391       0.91682982292648807     
          51   1.2396647493188517       0.73593786380547499       0.91231622744866536     
          52   1.2451399885788474       0.74362584248933672       0.92591827302410856     
          53   1.2633575022919901       0.75606256271237271       0.95517731080478430     
          54   1.2867178340879333       0.77355319754394714       0.99534469489554289     
          55   1.3037310163607216       0.79634506055492693        1.0382197551711152     
          56   1.3160617548144637       0.82460716994148697        1.0852339591057820     
          57   1.3334813876513167       0.85840721565216427        1.1446700450977512     
          58   1.3627842371592536       0.89767844007167241        1.2233420281673828     
          59   1.3950884216053512       0.94219063988498419        1.3144392526484785     
          60   1.4251827731712357       0.99150242153950785        1.4130721707356713     
          61   1.4447272188593054        1.0449166683906697        1.5096195522637832     
          62   1.4682754889596754        1.1014185819677778        1.6171859069880112     
          63   1.4804395178656602        1.1596080260474082        1.7167295469947750     
          64   1.4646118018950067        1.2176168572286770        1.7833360192834278     
          65   1.4907436989018923        1.2730105047610323        1.8977323886084263     
          66   1.5003136119778455        1.3226767073820156        1.9844298683312758     
          67   1.4861657000765278        1.3626862480202817        2.0251775617737189     
          68   1.4865100419740034        1.3881341261401303        2.0634753181141114     
          69   1.5073562977922450        1.3929549950883029        2.0996794843875191     
   *** FTSOAL: Opening in REAL  mode in unit  50 : .//HARPN.2012-06-21T23-54-54.538_ccf_K5_A.fits
      image depth:       -32
      axis:                2
      nrows:              70
      ncols:             161
   *** FTSOAL: Opening in REAL  mode in unit  50 : .//HARPN.2012-06-21T23-54-54.538_ccf_K5_B.fits
      image depth:       -32
      axis:                2
      nrows:              70
      ncols:             161
   *** FTSACTV: Opening: .//HARPN.2012-06-21T23-54-54.538_ccf_K5_A.fits in unit   50
